<?xml version="1.0" encoding="UTF-8"?>
<testsuites>
  <testsuite name="API Contract Regression Tests" tests="5" failures="5" errors="0" skipped="0" time="0.051" timestamp="2026-01-07T18:01:09.890Z">
    <testcase classname="APIRegressionTest" name="/api/v2" time="0.013">
      <failure message="1 difference found in API contract" type="AssertionError">
Endpoint: /api/v2
Duration: 13ms

Test Steps:
  ❌ AUTH: OAuth2 authentication failed: OAuth2 authentication failed: Request failed with status code 401

Differences:
  1. Path: auth
     Type: changed
     Expected: &quot;success&quot;
     Actual: &quot;failed&quot;

      </failure>
    </testcase>
    <testcase classname="APIRegressionTest" name="/api/v3" time="0.010">
      <failure message="1 difference found in API contract" type="AssertionError">
Endpoint: /api/v3
Duration: 10ms

Test Steps:
  ❌ AUTH: OAuth2 authentication failed: OAuth2 authentication failed: Request failed with status code 401

Differences:
  1. Path: auth
     Type: changed
     Expected: &quot;success&quot;
     Actual: &quot;failed&quot;

      </failure>
    </testcase>
    <testcase classname="APIRegressionTest" name="/api/v3.1" time="0.009">
      <failure message="1 difference found in API contract" type="AssertionError">
Endpoint: /api/v3.1
Duration: 9ms

Test Steps:
  ❌ AUTH: OAuth2 authentication failed: OAuth2 authentication failed: Request failed with status code 401

Differences:
  1. Path: auth
     Type: changed
     Expected: &quot;success&quot;
     Actual: &quot;failed&quot;

      </failure>
    </testcase>
    <testcase classname="APIRegressionTest" name="/api/v3.2" time="0.010">
      <failure message="1 difference found in API contract" type="AssertionError">
Endpoint: /api/v3.2
Duration: 10ms

Test Steps:
  ❌ AUTH: OAuth2 authentication failed: OAuth2 authentication failed: Request failed with status code 401

Differences:
  1. Path: auth
     Type: changed
     Expected: &quot;success&quot;
     Actual: &quot;failed&quot;

      </failure>
    </testcase>
    <testcase classname="APIRegressionTest" name="/token" time="0.009">
      <failure message="1 difference found in API contract" type="AssertionError">
Endpoint: /token
Duration: 9ms

Test Steps:
  ❌ AUTH: OAuth2 authentication failed: OAuth2 authentication failed: Request failed with status code 401

Differences:
  1. Path: auth
     Type: changed
     Expected: &quot;success&quot;
     Actual: &quot;failed&quot;

      </failure>
    </testcase>
  </testsuite>
</testsuites>